2025-09-17 16:35:06,733 [Worker-2: Loading available Gradle versions] INFO  o.e.b.c.i.u.g.PublishedGradleVersions - Gradle version information cache is not available. Remote download required.
2025-09-17 16:36:50,236 [Worker-27: Launching mavenrun-8d2a1da8-1e1e-43e4-bc1c-569c118be0b9] INFO  o.eclipse.m2e.core.internal.Bundles - getClasspathEntries(Bundle=org.eclipse.m2e.maven.runtime_3.9.900.20250220-2013 [297])
2025-09-17 16:36:50,272 [Worker-27: Launching mavenrun-8d2a1da8-1e1e-43e4-bc1c-569c118be0b9] INFO  o.eclipse.m2e.core.internal.Bundles - 	Entry: /Volumes/Eclipse/Eclipse.app/Contents/Eclipse/plugins/org.eclipse.m2e.maven.runtime_3.9.900.20250220-2013
2025-09-17 16:36:50,272 [Worker-27: Launching mavenrun-8d2a1da8-1e1e-43e4-bc1c-569c118be0b9] INFO  o.eclipse.m2e.core.internal.Bundles - 	Entry: /Volumes/Eclipse/Eclipse.app/Contents/Eclipse/plugins/org.eclipse.m2e.maven.runtime_3.9.900.20250220-2013/jars/aopalliance-1.0.jar
2025-09-17 16:36:50,272 [Worker-27: Launching mavenrun-8d2a1da8-1e1e-43e4-bc1c-569c118be0b9] INFO  o.eclipse.m2e.core.internal.Bundles - 	Entry: /Volumes/Eclipse/Eclipse.app/Contents/Eclipse/plugins/org.eclipse.m2e.maven.runtime_3.9.900.20250220-2013/jars/guice-5.1.0.jar
2025-09-17 16:36:50,272 [Worker-27: Launching mavenrun-8d2a1da8-1e1e-43e4-bc1c-569c118be0b9] INFO  o.eclipse.m2e.core.internal.Bundles - 	Entry: /Volumes/Eclipse/Eclipse.app/Contents/Eclipse/plugins/org.eclipse.m2e.maven.runtime_3.9.900.20250220-2013/jars/httpclient-4.5.14.jar
2025-09-17 16:36:50,272 [Worker-27: Launching mavenrun-8d2a1da8-1e1e-43e4-bc1c-569c118be0b9] INFO  o.eclipse.m2e.core.internal.Bundles - 	Entry: /Volumes/Eclipse/Eclipse.app/Contents/Eclipse/plugins/org.eclipse.m2e.maven.runtime_3.9.900.20250220-2013/jars/httpcore-4.4.16.jar
2025-09-17 16:36:50,272 [Worker-27: Launching mavenrun-8d2a1da8-1e1e-43e4-bc1c-569c118be0b9] INFO  o.eclipse.m2e.core.internal.Bundles - 	Entry: /Volumes/Eclipse/Eclipse.app/Contents/Eclipse/plugins/org.eclipse.m2e.maven.runtime_3.9.900.20250220-2013/jars/jansi-2.4.1.jar
2025-09-17 16:36:50,272 [Worker-27: Launching mavenrun-8d2a1da8-1e1e-43e4-bc1c-569c118be0b9] INFO  o.eclipse.m2e.core.internal.Bundles - 	Entry: /Volumes/Eclipse/Eclipse.app/Contents/Eclipse/plugins/org.eclipse.m2e.maven.runtime_3.9.900.20250220-2013/jars/jcl-over-slf4j-1.7.36.jar
2025-09-17 16:36:50,272 [Worker-27: Launching mavenrun-8d2a1da8-1e1e-43e4-bc1c-569c118be0b9] INFO  o.eclipse.m2e.core.internal.Bundles - 	Entry: /Volumes/Eclipse/Eclipse.app/Contents/Eclipse/plugins/org.eclipse.m2e.maven.runtime_3.9.900.20250220-2013/jars/maven-artifact-3.9.9.jar
2025-09-17 16:36:50,272 [Worker-27: Launching mavenrun-8d2a1da8-1e1e-43e4-bc1c-569c118be0b9] INFO  o.eclipse.m2e.core.internal.Bundles - 	Entry: /Volumes/Eclipse/Eclipse.app/Contents/Eclipse/plugins/org.eclipse.m2e.maven.runtime_3.9.900.20250220-2013/jars/maven-builder-support-3.9.9.jar
2025-09-17 16:36:50,273 [Worker-27: Launching mavenrun-8d2a1da8-1e1e-43e4-bc1c-569c118be0b9] INFO  o.eclipse.m2e.core.internal.Bundles - 	Entry: /Volumes/Eclipse/Eclipse.app/Contents/Eclipse/plugins/org.eclipse.m2e.maven.runtime_3.9.900.20250220-2013/jars/maven-compat-3.9.9.jar
2025-09-17 16:36:50,273 [Worker-27: Launching mavenrun-8d2a1da8-1e1e-43e4-bc1c-569c118be0b9] INFO  o.eclipse.m2e.core.internal.Bundles - 	Entry: /Volumes/Eclipse/Eclipse.app/Contents/Eclipse/plugins/org.eclipse.m2e.maven.runtime_3.9.900.20250220-2013/jars/maven-core-3.9.9.jar
2025-09-17 16:36:50,273 [Worker-27: Launching mavenrun-8d2a1da8-1e1e-43e4-bc1c-569c118be0b9] INFO  o.eclipse.m2e.core.internal.Bundles - 	Entry: /Volumes/Eclipse/Eclipse.app/Contents/Eclipse/plugins/org.eclipse.m2e.maven.runtime_3.9.900.20250220-2013/jars/maven-embedder-3.9.9.jar
2025-09-17 16:36:50,273 [Worker-27: Launching mavenrun-8d2a1da8-1e1e-43e4-bc1c-569c118be0b9] INFO  o.eclipse.m2e.core.internal.Bundles - 	Entry: /Volumes/Eclipse/Eclipse.app/Contents/Eclipse/plugins/org.eclipse.m2e.maven.runtime_3.9.900.20250220-2013/jars/maven-model-3.9.9.jar
2025-09-17 16:36:50,273 [Worker-27: Launching mavenrun-8d2a1da8-1e1e-43e4-bc1c-569c118be0b9] INFO  o.eclipse.m2e.core.internal.Bundles - 	Entry: /Volumes/Eclipse/Eclipse.app/Contents/Eclipse/plugins/org.eclipse.m2e.maven.runtime_3.9.900.20250220-2013/jars/maven-model-builder-3.9.9.jar
2025-09-17 16:36:50,273 [Worker-27: Launching mavenrun-8d2a1da8-1e1e-43e4-bc1c-569c118be0b9] INFO  o.eclipse.m2e.core.internal.Bundles - 	Entry: /Volumes/Eclipse/Eclipse.app/Contents/Eclipse/plugins/org.eclipse.m2e.maven.runtime_3.9.900.20250220-2013/jars/maven-plugin-api-3.9.9.jar
2025-09-17 16:36:50,273 [Worker-27: Launching mavenrun-8d2a1da8-1e1e-43e4-bc1c-569c118be0b9] INFO  o.eclipse.m2e.core.internal.Bundles - 	Entry: /Volumes/Eclipse/Eclipse.app/Contents/Eclipse/plugins/org.eclipse.m2e.maven.runtime_3.9.900.20250220-2013/jars/maven-repository-metadata-3.9.9.jar
2025-09-17 16:36:50,273 [Worker-27: Launching mavenrun-8d2a1da8-1e1e-43e4-bc1c-569c118be0b9] INFO  o.eclipse.m2e.core.internal.Bundles - 	Entry: /Volumes/Eclipse/Eclipse.app/Contents/Eclipse/plugins/org.eclipse.m2e.maven.runtime_3.9.900.20250220-2013/jars/maven-resolver-api-1.9.22.jar
2025-09-17 16:36:50,273 [Worker-27: Launching mavenrun-8d2a1da8-1e1e-43e4-bc1c-569c118be0b9] INFO  o.eclipse.m2e.core.internal.Bundles - 	Entry: /Volumes/Eclipse/Eclipse.app/Contents/Eclipse/plugins/org.eclipse.m2e.maven.runtime_3.9.900.20250220-2013/jars/maven-resolver-connector-basic-1.9.22.jar
2025-09-17 16:36:50,273 [Worker-27: Launching mavenrun-8d2a1da8-1e1e-43e4-bc1c-569c118be0b9] INFO  o.eclipse.m2e.core.internal.Bundles - 	Entry: /Volumes/Eclipse/Eclipse.app/Contents/Eclipse/plugins/org.eclipse.m2e.maven.runtime_3.9.900.20250220-2013/jars/maven-resolver-impl-1.9.22.jar
2025-09-17 16:36:50,273 [Worker-27: Launching mavenrun-8d2a1da8-1e1e-43e4-bc1c-569c118be0b9] INFO  o.eclipse.m2e.core.internal.Bundles - 	Entry: /Volumes/Eclipse/Eclipse.app/Contents/Eclipse/plugins/org.eclipse.m2e.maven.runtime_3.9.900.20250220-2013/jars/maven-resolver-named-locks-1.9.22.jar
2025-09-17 16:36:50,273 [Worker-27: Launching mavenrun-8d2a1da8-1e1e-43e4-bc1c-569c118be0b9] INFO  o.eclipse.m2e.core.internal.Bundles - 	Entry: /Volumes/Eclipse/Eclipse.app/Contents/Eclipse/plugins/org.eclipse.m2e.maven.runtime_3.9.900.20250220-2013/jars/maven-resolver-provider-3.9.9.jar
2025-09-17 16:36:50,273 [Worker-27: Launching mavenrun-8d2a1da8-1e1e-43e4-bc1c-569c118be0b9] INFO  o.eclipse.m2e.core.internal.Bundles - 	Entry: /Volumes/Eclipse/Eclipse.app/Contents/Eclipse/plugins/org.eclipse.m2e.maven.runtime_3.9.900.20250220-2013/jars/maven-resolver-spi-1.9.22.jar
2025-09-17 16:36:50,273 [Worker-27: Launching mavenrun-8d2a1da8-1e1e-43e4-bc1c-569c118be0b9] INFO  o.eclipse.m2e.core.internal.Bundles - 	Entry: /Volumes/Eclipse/Eclipse.app/Contents/Eclipse/plugins/org.eclipse.m2e.maven.runtime_3.9.900.20250220-2013/jars/maven-resolver-transport-file-1.9.22.jar
2025-09-17 16:36:50,273 [Worker-27: Launching mavenrun-8d2a1da8-1e1e-43e4-bc1c-569c118be0b9] INFO  o.eclipse.m2e.core.internal.Bundles - 	Entry: /Volumes/Eclipse/Eclipse.app/Contents/Eclipse/plugins/org.eclipse.m2e.maven.runtime_3.9.900.20250220-2013/jars/maven-resolver-transport-http-1.9.22.jar
2025-09-17 16:36:50,273 [Worker-27: Launching mavenrun-8d2a1da8-1e1e-43e4-bc1c-569c118be0b9] INFO  o.eclipse.m2e.core.internal.Bundles - 	Entry: /Volumes/Eclipse/Eclipse.app/Contents/Eclipse/plugins/org.eclipse.m2e.maven.runtime_3.9.900.20250220-2013/jars/maven-resolver-transport-wagon-1.9.22.jar
2025-09-17 16:36:50,273 [Worker-27: Launching mavenrun-8d2a1da8-1e1e-43e4-bc1c-569c118be0b9] INFO  o.eclipse.m2e.core.internal.Bundles - 	Entry: /Volumes/Eclipse/Eclipse.app/Contents/Eclipse/plugins/org.eclipse.m2e.maven.runtime_3.9.900.20250220-2013/jars/maven-resolver-util-1.9.22.jar
2025-09-17 16:36:50,273 [Worker-27: Launching mavenrun-8d2a1da8-1e1e-43e4-bc1c-569c118be0b9] INFO  o.eclipse.m2e.core.internal.Bundles - 	Entry: /Volumes/Eclipse/Eclipse.app/Contents/Eclipse/plugins/org.eclipse.m2e.maven.runtime_3.9.900.20250220-2013/jars/maven-settings-3.9.9.jar
2025-09-17 16:36:50,274 [Worker-27: Launching mavenrun-8d2a1da8-1e1e-43e4-bc1c-569c118be0b9] INFO  o.eclipse.m2e.core.internal.Bundles - 	Entry: /Volumes/Eclipse/Eclipse.app/Contents/Eclipse/plugins/org.eclipse.m2e.maven.runtime_3.9.900.20250220-2013/jars/maven-settings-builder-3.9.9.jar
2025-09-17 16:36:50,274 [Worker-27: Launching mavenrun-8d2a1da8-1e1e-43e4-bc1c-569c118be0b9] INFO  o.eclipse.m2e.core.internal.Bundles - 	Entry: /Volumes/Eclipse/Eclipse.app/Contents/Eclipse/plugins/org.eclipse.m2e.maven.runtime_3.9.900.20250220-2013/jars/maven-shared-utils-3.4.2.jar
2025-09-17 16:36:50,274 [Worker-27: Launching mavenrun-8d2a1da8-1e1e-43e4-bc1c-569c118be0b9] INFO  o.eclipse.m2e.core.internal.Bundles - 	Entry: /Volumes/Eclipse/Eclipse.app/Contents/Eclipse/plugins/org.eclipse.m2e.maven.runtime_3.9.900.20250220-2013/jars/org.eclipse.sisu.inject-0.9.0.M3.jar
2025-09-17 16:36:50,274 [Worker-27: Launching mavenrun-8d2a1da8-1e1e-43e4-bc1c-569c118be0b9] INFO  o.eclipse.m2e.core.internal.Bundles - 	Entry: /Volumes/Eclipse/Eclipse.app/Contents/Eclipse/plugins/org.eclipse.m2e.maven.runtime_3.9.900.20250220-2013/jars/org.eclipse.sisu.plexus-0.9.0.M3.jar
2025-09-17 16:36:50,274 [Worker-27: Launching mavenrun-8d2a1da8-1e1e-43e4-bc1c-569c118be0b9] INFO  o.eclipse.m2e.core.internal.Bundles - 	Entry: /Volumes/Eclipse/Eclipse.app/Contents/Eclipse/plugins/org.eclipse.m2e.maven.runtime_3.9.900.20250220-2013/jars/plexus-build-api-0.0.7.jar
2025-09-17 16:36:50,274 [Worker-27: Launching mavenrun-8d2a1da8-1e1e-43e4-bc1c-569c118be0b9] INFO  o.eclipse.m2e.core.internal.Bundles - 	Entry: /Volumes/Eclipse/Eclipse.app/Contents/Eclipse/plugins/org.eclipse.m2e.maven.runtime_3.9.900.20250220-2013/jars/plexus-build-api-1.2.0.jar
2025-09-17 16:36:50,274 [Worker-27: Launching mavenrun-8d2a1da8-1e1e-43e4-bc1c-569c118be0b9] INFO  o.eclipse.m2e.core.internal.Bundles - 	Entry: /Volumes/Eclipse/Eclipse.app/Contents/Eclipse/plugins/org.eclipse.m2e.maven.runtime_3.9.900.20250220-2013/jars/plexus-cipher-2.0.jar
2025-09-17 16:36:50,274 [Worker-27: Launching mavenrun-8d2a1da8-1e1e-43e4-bc1c-569c118be0b9] INFO  o.eclipse.m2e.core.internal.Bundles - 	Entry: /Volumes/Eclipse/Eclipse.app/Contents/Eclipse/plugins/org.eclipse.m2e.maven.runtime_3.9.900.20250220-2013/jars/plexus-classworlds-2.8.0.jar
2025-09-17 16:36:50,274 [Worker-27: Launching mavenrun-8d2a1da8-1e1e-43e4-bc1c-569c118be0b9] INFO  o.eclipse.m2e.core.internal.Bundles - 	Entry: /Volumes/Eclipse/Eclipse.app/Contents/Eclipse/plugins/org.eclipse.m2e.maven.runtime_3.9.900.20250220-2013/jars/plexus-component-annotations-2.1.0.jar
2025-09-17 16:36:50,274 [Worker-27: Launching mavenrun-8d2a1da8-1e1e-43e4-bc1c-569c118be0b9] INFO  o.eclipse.m2e.core.internal.Bundles - 	Entry: /Volumes/Eclipse/Eclipse.app/Contents/Eclipse/plugins/org.eclipse.m2e.maven.runtime_3.9.900.20250220-2013/jars/plexus-interpolation-1.27.jar
2025-09-17 16:36:50,274 [Worker-27: Launching mavenrun-8d2a1da8-1e1e-43e4-bc1c-569c118be0b9] INFO  o.eclipse.m2e.core.internal.Bundles - 	Entry: /Volumes/Eclipse/Eclipse.app/Contents/Eclipse/plugins/org.eclipse.m2e.maven.runtime_3.9.900.20250220-2013/jars/plexus-sec-dispatcher-2.0.jar
2025-09-17 16:36:50,274 [Worker-27: Launching mavenrun-8d2a1da8-1e1e-43e4-bc1c-569c118be0b9] INFO  o.eclipse.m2e.core.internal.Bundles - 	Entry: /Volumes/Eclipse/Eclipse.app/Contents/Eclipse/plugins/org.eclipse.m2e.maven.runtime_3.9.900.20250220-2013/jars/plexus-utils-3.5.1.jar
2025-09-17 16:36:50,274 [Worker-27: Launching mavenrun-8d2a1da8-1e1e-43e4-bc1c-569c118be0b9] INFO  o.eclipse.m2e.core.internal.Bundles - 	Entry: /Volumes/Eclipse/Eclipse.app/Contents/Eclipse/plugins/org.eclipse.m2e.maven.runtime_3.9.900.20250220-2013/jars/plexus-xml-3.0.1.jar
2025-09-17 16:36:50,274 [Worker-27: Launching mavenrun-8d2a1da8-1e1e-43e4-bc1c-569c118be0b9] INFO  o.eclipse.m2e.core.internal.Bundles - 	Entry: /Volumes/Eclipse/Eclipse.app/Contents/Eclipse/plugins/org.eclipse.m2e.maven.runtime_3.9.900.20250220-2013/jars/wagon-file-3.5.3.jar
2025-09-17 16:36:50,275 [Worker-27: Launching mavenrun-8d2a1da8-1e1e-43e4-bc1c-569c118be0b9] INFO  o.eclipse.m2e.core.internal.Bundles - 	Entry: /Volumes/Eclipse/Eclipse.app/Contents/Eclipse/plugins/org.eclipse.m2e.maven.runtime_3.9.900.20250220-2013/jars/wagon-http-3.5.3.jar
2025-09-17 16:36:50,275 [Worker-27: Launching mavenrun-8d2a1da8-1e1e-43e4-bc1c-569c118be0b9] INFO  o.eclipse.m2e.core.internal.Bundles - 	Entry: /Volumes/Eclipse/Eclipse.app/Contents/Eclipse/plugins/org.eclipse.m2e.maven.runtime_3.9.900.20250220-2013/jars/wagon-http-shared-3.5.3.jar
2025-09-17 16:36:50,275 [Worker-27: Launching mavenrun-8d2a1da8-1e1e-43e4-bc1c-569c118be0b9] INFO  o.eclipse.m2e.core.internal.Bundles - 	Entry: /Volumes/Eclipse/Eclipse.app/Contents/Eclipse/plugins/org.eclipse.m2e.maven.runtime_3.9.900.20250220-2013/jars/wagon-provider-api-3.5.3.jar
2025-09-17 16:36:50,277 [Worker-27: Launching mavenrun-8d2a1da8-1e1e-43e4-bc1c-569c118be0b9] INFO  o.eclipse.m2e.core.internal.Bundles - getClasspathEntries(Bundle=com.google.guava_33.4.0.jre [12])
2025-09-17 16:36:50,278 [Worker-27: Launching mavenrun-8d2a1da8-1e1e-43e4-bc1c-569c118be0b9] INFO  o.eclipse.m2e.core.internal.Bundles - 	Entry: /Volumes/Eclipse/Eclipse.app/Contents/Eclipse/plugins/com.google.guava_33.4.0.jre.jar
2025-09-17 16:36:50,279 [Worker-27: Launching mavenrun-8d2a1da8-1e1e-43e4-bc1c-569c118be0b9] INFO  o.eclipse.m2e.core.internal.Bundles - getClasspathEntries(Bundle=slf4j.api_2.0.16 [521])
2025-09-17 16:36:50,279 [Worker-27: Launching mavenrun-8d2a1da8-1e1e-43e4-bc1c-569c118be0b9] INFO  o.eclipse.m2e.core.internal.Bundles - 	Entry: /Volumes/Eclipse/Eclipse.app/Contents/Eclipse/plugins/slf4j.api_2.0.16.jar
2025-09-17 16:36:50,279 [Worker-27: Launching mavenrun-8d2a1da8-1e1e-43e4-bc1c-569c118be0b9] INFO  o.eclipse.m2e.core.internal.Bundles - getClasspathEntries(Bundle=jakarta.inject.jakarta.inject-api_1.0.5 [24])
2025-09-17 16:36:50,279 [Worker-27: Launching mavenrun-8d2a1da8-1e1e-43e4-bc1c-569c118be0b9] INFO  o.eclipse.m2e.core.internal.Bundles - 	Entry: /Volumes/Eclipse/Eclipse.app/Contents/Eclipse/plugins/jakarta.inject.jakarta.inject-api_1.0.5.jar
2025-09-17 16:36:50,279 [Worker-27: Launching mavenrun-8d2a1da8-1e1e-43e4-bc1c-569c118be0b9] INFO  o.eclipse.m2e.core.internal.Bundles - getClasspathEntries(Bundle=jakarta.annotation-api_1.3.5 [22])
2025-09-17 16:36:50,279 [Worker-27: Launching mavenrun-8d2a1da8-1e1e-43e4-bc1c-569c118be0b9] INFO  o.eclipse.m2e.core.internal.Bundles - 	Entry: /Volumes/Eclipse/Eclipse.app/Contents/Eclipse/plugins/jakarta.annotation-api_1.3.5.jar
2025-09-17 16:36:50,279 [Worker-27: Launching mavenrun-8d2a1da8-1e1e-43e4-bc1c-569c118be0b9] INFO  o.eclipse.m2e.core.internal.Bundles - getClasspathEntries(Bundle=org.apache.commons.cli_1.9.0 [48])
2025-09-17 16:36:50,279 [Worker-27: Launching mavenrun-8d2a1da8-1e1e-43e4-bc1c-569c118be0b9] INFO  o.eclipse.m2e.core.internal.Bundles - 	Entry: /Volumes/Eclipse/Eclipse.app/Contents/Eclipse/plugins/org.apache.commons.cli_1.9.0.jar
2025-09-17 16:36:50,279 [Worker-27: Launching mavenrun-8d2a1da8-1e1e-43e4-bc1c-569c118be0b9] INFO  o.eclipse.m2e.core.internal.Bundles - getClasspathEntries(Bundle=org.apache.commons.commons-codec_1.16.0 [49])
2025-09-17 16:36:50,279 [Worker-27: Launching mavenrun-8d2a1da8-1e1e-43e4-bc1c-569c118be0b9] INFO  o.eclipse.m2e.core.internal.Bundles - 	Entry: /Volumes/Eclipse/Eclipse.app/Contents/Eclipse/plugins/org.apache.commons.commons-codec_1.16.0.jar
2025-09-17 16:36:50,279 [Worker-27: Launching mavenrun-8d2a1da8-1e1e-43e4-bc1c-569c118be0b9] INFO  o.eclipse.m2e.core.internal.Bundles - getClasspathEntries(Bundle=com.google.guava.failureaccess_1.0.2 [13])
2025-09-17 16:36:50,279 [Worker-27: Launching mavenrun-8d2a1da8-1e1e-43e4-bc1c-569c118be0b9] INFO  o.eclipse.m2e.core.internal.Bundles - 	Entry: /Volumes/Eclipse/Eclipse.app/Contents/Eclipse/plugins/com.google.guava.failureaccess_1.0.2.jar
2025-09-17 16:36:50,286 [Worker-27: Launching mavenrun-8d2a1da8-1e1e-43e4-bc1c-569c118be0b9] INFO  o.e.m.i.launch.MavenLaunchDelegate - Run build in "/var/folders/lh/qp9_hgg96mqg01zj6yn0sm6c0000gn/T/m2e-archetypeGenerator6857431228973041571":
2025-09-17 16:36:50,292 [Worker-27: Launching mavenrun-8d2a1da8-1e1e-43e4-bc1c-569c118be0b9] INFO  o.e.m.i.launch.MavenLaunchDelegate -  mvn  -DarchetypeGroupId=org.apache.maven.archetypes -DarchetypeArtifactId=maven-archetype-quickstart -DarchetypeVersion=1.1 -DgroupId=TEST_tallerProgamacion -DartifactId=TEST_tallerProgramacion -Dversion=0.0.1-SNAPSHOT -Dpackage=TEST_tallerProgamacion.TEST_tallerProgramacion -DoutputDirectory=/Users/robustianogijon/Documents/Taller-Progamacion-1/TP -Dstyle.color=always -U archetype:generate
2025-09-17 16:37:01,939 [Worker-13: Creating maven-archetype-quickstart] INFO  o.e.m.c.i.p.ProjectConfigurationManager - Collecting project info '/pom.xml' /Users/robustianogijon/Documents/Taller-Progamacion-1/TP/TEST_tallerProgramacion/pom.xml
2025-09-17 16:37:03,008 [Worker-13: Creating maven-archetype-quickstart] INFO  o.e.m.c.i.l.LifecycleMappingFactory - Using org.eclipse.m2e.jdt.JarLifecycleMapping lifecycle mapping for MavenProject: TEST_tallerProgamacion:TEST_tallerProgramacion:0.0.1-SNAPSHOT @ /Users/robustianogijon/Documents/Taller-Progamacion-1/TP/TEST_tallerProgramacion/pom.xml.
2025-09-17 16:37:03,812 [Worker-13: Creating maven-archetype-quickstart] INFO  o.e.m.j.i.AbstractJavaProjectConfigurator - Adding source folder /TEST_tallerProgramacion/src/main/java
2025-09-17 16:37:03,814 [Worker-13: Creating maven-archetype-quickstart] INFO  o.e.m.j.i.AbstractJavaProjectConfigurator - Adding resource folder /TEST_tallerProgramacion/src/main/resources
2025-09-17 16:37:03,818 [Worker-13: Creating maven-archetype-quickstart] INFO  o.e.m.j.i.AbstractJavaProjectConfigurator - Adding source folder /TEST_tallerProgramacion/src/test/java
2025-09-17 16:37:03,819 [Worker-13: Creating maven-archetype-quickstart] INFO  o.e.m.j.i.AbstractJavaProjectConfigurator - Adding resource folder /TEST_tallerProgramacion/src/test/resources
2025-09-17 16:37:03,968 [Worker-13: Creating maven-archetype-quickstart] INFO  o.e.m.c.i.p.ProjectConfigurationManager - Imported and configured 1 project(s) in 2 sec
2025-09-17 16:37:06,957 [Worker-25: Building] INFO  o.a.m.s.f.DefaultMavenResourcesFiltering - skip non existing resourceDirectory /Users/robustianogijon/Documents/Taller-Progamacion-1/TP/TEST_tallerProgramacion/src/main/resources
2025-09-17 16:37:06,982 [Worker-25: Building] INFO  o.a.m.s.f.DefaultMavenResourcesFiltering - skip non existing resourceDirectory /Users/robustianogijon/Documents/Taller-Progamacion-1/TP/TEST_tallerProgramacion/src/test/resources
2025-09-17 16:39:02,064 [Worker-4: Loading available Gradle versions] INFO  o.e.b.c.i.u.g.PublishedGradleVersions - Gradle version information cache is up-to-date. Trying to read.
2025-09-17 16:43:48,004 [Worker-9: Building] INFO  o.a.m.s.f.DefaultMavenResourcesFiltering - skip non existing resourceDirectory /Users/robustianogijon/Documents/Taller-Progamacion-1/TP/TEST_tallerProgramacion/src/main/resources
2025-09-17 16:43:48,014 [Worker-9: Building] INFO  o.a.m.s.f.DefaultMavenResourcesFiltering - skip non existing resourceDirectory /Users/robustianogijon/Documents/Taller-Progamacion-1/TP/TEST_tallerProgramacion/src/test/resources
2025-09-17 16:44:29,154 [Worker-36: Building] INFO  o.a.m.s.f.DefaultMavenResourcesFiltering - skip non existing resourceDirectory /Users/robustianogijon/Documents/Taller-Progamacion-1/TP/TEST_tallerProgramacion/src/main/resources
2025-09-17 16:44:29,172 [Worker-36: Building] INFO  o.a.m.s.f.DefaultMavenResourcesFiltering - skip non existing resourceDirectory /Users/robustianogijon/Documents/Taller-Progamacion-1/TP/TEST_tallerProgramacion/src/test/resources
2025-09-17 16:44:35,942 [Worker-6: Building] INFO  o.a.m.s.f.DefaultMavenResourcesFiltering - skip non existing resourceDirectory /Users/robustianogijon/Documents/Taller-Progamacion-1/TP/TEST_tallerProgramacion/src/main/resources
2025-09-17 16:44:35,953 [Worker-6: Building] INFO  o.a.m.s.f.DefaultMavenResourcesFiltering - skip non existing resourceDirectory /Users/robustianogijon/Documents/Taller-Progamacion-1/TP/TEST_tallerProgramacion/src/test/resources
2025-09-17 16:44:54,572 [Worker-6: Building] INFO  o.a.m.s.f.DefaultMavenResourcesFiltering - skip non existing resourceDirectory /Users/robustianogijon/Documents/Taller-Progamacion-1/TP/TEST_tallerProgramacion/src/main/resources
2025-09-17 16:44:54,582 [Worker-6: Building] INFO  o.a.m.s.f.DefaultMavenResourcesFiltering - skip non existing resourceDirectory /Users/robustianogijon/Documents/Taller-Progamacion-1/TP/TEST_tallerProgramacion/src/test/resources
2025-09-17 16:45:22,424 [Worker-6: Building] INFO  o.a.m.s.f.DefaultMavenResourcesFiltering - skip non existing resourceDirectory /Users/robustianogijon/Documents/Taller-Progamacion-1/TP/TEST_tallerProgramacion/src/main/resources
2025-09-17 16:45:22,430 [Worker-6: Building] INFO  o.a.m.s.f.DefaultMavenResourcesFiltering - skip non existing resourceDirectory /Users/robustianogijon/Documents/Taller-Progamacion-1/TP/TEST_tallerProgramacion/src/test/resources
2025-09-17 16:45:34,054 [Worker-9: Building] INFO  o.a.m.s.f.DefaultMavenResourcesFiltering - skip non existing resourceDirectory /Users/robustianogijon/Documents/Taller-Progamacion-1/TP/TEST_tallerProgramacion/src/main/resources
2025-09-17 16:45:34,062 [Worker-9: Building] INFO  o.a.m.s.f.DefaultMavenResourcesFiltering - skip non existing resourceDirectory /Users/robustianogijon/Documents/Taller-Progamacion-1/TP/TEST_tallerProgramacion/src/test/resources
2025-09-17 16:45:49,902 [Worker-19: Building] INFO  o.a.m.s.f.DefaultMavenResourcesFiltering - skip non existing resourceDirectory /Users/robustianogijon/Documents/Taller-Progamacion-1/TP/TEST_tallerProgramacion/src/main/resources
2025-09-17 16:45:49,905 [Worker-19: Building] INFO  o.a.m.s.f.DefaultMavenResourcesFiltering - skip non existing resourceDirectory /Users/robustianogijon/Documents/Taller-Progamacion-1/TP/TEST_tallerProgramacion/src/test/resources
2025-09-17 16:48:12,957 [Worker-34: Building] INFO  o.a.m.s.f.DefaultMavenResourcesFiltering - skip non existing resourceDirectory /Users/robustianogijon/Documents/Taller-Progamacion-1/TP/TEST_tallerProgramacion/src/main/resources
2025-09-17 16:48:12,967 [Worker-34: Building] INFO  o.a.m.s.f.DefaultMavenResourcesFiltering - skip non existing resourceDirectory /Users/robustianogijon/Documents/Taller-Progamacion-1/TP/TEST_tallerProgramacion/src/test/resources
2025-09-17 16:52:34,947 [Worker-6: Building] INFO  o.a.m.s.f.DefaultMavenResourcesFiltering - skip non existing resourceDirectory /Users/robustianogijon/Documents/Taller-Progamacion-1/TP/TEST_tallerProgramacion/src/main/resources
2025-09-17 16:52:34,954 [Worker-6: Building] INFO  o.a.m.s.f.DefaultMavenResourcesFiltering - skip non existing resourceDirectory /Users/robustianogijon/Documents/Taller-Progamacion-1/TP/TEST_tallerProgramacion/src/test/resources
2025-09-17 16:58:49,736 [Worker-38: Building] INFO  o.a.m.s.f.DefaultMavenResourcesFiltering - skip non existing resourceDirectory /Users/robustianogijon/Documents/Taller-Progamacion-1/TP/TEST_tallerProgramacion/src/main/resources
2025-09-17 16:58:49,743 [Worker-38: Building] INFO  o.a.m.s.f.DefaultMavenResourcesFiltering - skip non existing resourceDirectory /Users/robustianogijon/Documents/Taller-Progamacion-1/TP/TEST_tallerProgramacion/src/test/resources
2025-09-17 16:58:54,031 [Worker-39: Building] INFO  o.a.m.s.f.DefaultMavenResourcesFiltering - skip non existing resourceDirectory /Users/robustianogijon/Documents/Taller-Progamacion-1/TP/TEST_tallerProgramacion/src/main/resources
2025-09-17 16:58:54,036 [Worker-39: Building] INFO  o.a.m.s.f.DefaultMavenResourcesFiltering - skip non existing resourceDirectory /Users/robustianogijon/Documents/Taller-Progamacion-1/TP/TEST_tallerProgramacion/src/test/resources
2025-09-17 16:59:14,785 [main] INFO  o.e.m.jdt.internal.UnitTestSupport - Updating Test_Constantes from maven configuration
2025-09-17 16:59:15,282 [main] INFO  o.e.m.c.i.e.AbstractTransferListenerAdapter - Downloading https://repo.maven.apache.org/maven2/org/apache/maven/surefire/maven-surefire-common/3.2.5/maven-surefire-common-3.2.5.pom
2025-09-17 16:59:15,297 [main] INFO  o.e.m.c.i.e.AbstractTransferListenerAdapter - Downloaded https://repo.maven.apache.org/maven2/org/apache/maven/surefire/maven-surefire-common/3.2.5/maven-surefire-common-3.2.5.pom
2025-09-17 16:59:15,346 [main] INFO  o.e.m.c.i.e.AbstractTransferListenerAdapter - Downloading https://repo.maven.apache.org/maven2/org/apache/maven/surefire/surefire-api/3.2.5/surefire-api-3.2.5.pom
2025-09-17 16:59:15,348 [main] INFO  o.e.m.c.i.e.AbstractTransferListenerAdapter - Downloaded https://repo.maven.apache.org/maven2/org/apache/maven/surefire/surefire-api/3.2.5/surefire-api-3.2.5.pom
2025-09-17 16:59:15,384 [main] INFO  o.e.m.c.i.e.AbstractTransferListenerAdapter - Downloading https://repo.maven.apache.org/maven2/org/apache/maven/surefire/surefire-logger-api/3.2.5/surefire-logger-api-3.2.5.pom
2025-09-17 16:59:15,387 [main] INFO  o.e.m.c.i.e.AbstractTransferListenerAdapter - Downloaded https://repo.maven.apache.org/maven2/org/apache/maven/surefire/surefire-logger-api/3.2.5/surefire-logger-api-3.2.5.pom
2025-09-17 16:59:15,430 [main] INFO  o.e.m.c.i.e.AbstractTransferListenerAdapter - Downloading https://repo.maven.apache.org/maven2/org/apache/maven/surefire/surefire-shared-utils/3.2.5/surefire-shared-utils-3.2.5.pom
2025-09-17 16:59:15,434 [main] INFO  o.e.m.c.i.e.AbstractTransferListenerAdapter - Downloaded https://repo.maven.apache.org/maven2/org/apache/maven/surefire/surefire-shared-utils/3.2.5/surefire-shared-utils-3.2.5.pom
2025-09-17 16:59:15,468 [main] INFO  o.e.m.c.i.e.AbstractTransferListenerAdapter - Downloading https://repo.maven.apache.org/maven2/org/apache/maven/surefire/surefire-extensions-api/3.2.5/surefire-extensions-api-3.2.5.pom
2025-09-17 16:59:15,470 [main] INFO  o.e.m.c.i.e.AbstractTransferListenerAdapter - Downloaded https://repo.maven.apache.org/maven2/org/apache/maven/surefire/surefire-extensions-api/3.2.5/surefire-extensions-api-3.2.5.pom
2025-09-17 16:59:15,495 [main] INFO  o.e.m.c.i.e.AbstractTransferListenerAdapter - Downloading https://repo.maven.apache.org/maven2/org/apache/maven/surefire/surefire-booter/3.2.5/surefire-booter-3.2.5.pom
2025-09-17 16:59:15,497 [main] INFO  o.e.m.c.i.e.AbstractTransferListenerAdapter - Downloaded https://repo.maven.apache.org/maven2/org/apache/maven/surefire/surefire-booter/3.2.5/surefire-booter-3.2.5.pom
2025-09-17 16:59:15,538 [main] INFO  o.e.m.c.i.e.AbstractTransferListenerAdapter - Downloading https://repo.maven.apache.org/maven2/org/apache/maven/surefire/surefire-extensions-spi/3.2.5/surefire-extensions-spi-3.2.5.pom
2025-09-17 16:59:15,540 [main] INFO  o.e.m.c.i.e.AbstractTransferListenerAdapter - Downloaded https://repo.maven.apache.org/maven2/org/apache/maven/surefire/surefire-extensions-spi/3.2.5/surefire-extensions-spi-3.2.5.pom
2025-09-17 16:59:15,565 [main] INFO  o.e.m.c.i.e.AbstractTransferListenerAdapter - Downloading https://repo.maven.apache.org/maven2/org/eclipse/aether/aether-util/1.0.0.v20140518/aether-util-1.0.0.v20140518.pom
2025-09-17 16:59:15,573 [main] INFO  o.e.m.c.i.e.AbstractTransferListenerAdapter - Downloaded https://repo.maven.apache.org/maven2/org/eclipse/aether/aether-util/1.0.0.v20140518/aether-util-1.0.0.v20140518.pom
2025-09-17 16:59:15,589 [main] INFO  o.e.m.c.i.e.AbstractTransferListenerAdapter - Downloading https://repo.maven.apache.org/maven2/org/eclipse/aether/aether/1.0.0.v20140518/aether-1.0.0.v20140518.pom
2025-09-17 16:59:15,597 [main] INFO  o.e.m.c.i.e.AbstractTransferListenerAdapter - Downloaded https://repo.maven.apache.org/maven2/org/eclipse/aether/aether/1.0.0.v20140518/aether-1.0.0.v20140518.pom
2025-09-17 16:59:15,628 [main] INFO  o.e.m.c.i.e.AbstractTransferListenerAdapter - Downloading https://repo.maven.apache.org/maven2/org/eclipse/aether/aether-api/1.0.0.v20140518/aether-api-1.0.0.v20140518.pom
2025-09-17 16:59:15,631 [main] INFO  o.e.m.c.i.e.AbstractTransferListenerAdapter - Downloaded https://repo.maven.apache.org/maven2/org/eclipse/aether/aether-api/1.0.0.v20140518/aether-api-1.0.0.v20140518.pom
2025-09-17 16:59:15,654 [main] INFO  o.e.m.c.i.e.AbstractTransferListenerAdapter - Downloading https://repo.maven.apache.org/maven2/org/apache/maven/shared/maven-common-artifact-filters/3.1.1/maven-common-artifact-filters-3.1.1.pom
2025-09-17 16:59:15,655 [main] INFO  o.e.m.c.i.e.AbstractTransferListenerAdapter - Downloaded https://repo.maven.apache.org/maven2/org/apache/maven/shared/maven-common-artifact-filters/3.1.1/maven-common-artifact-filters-3.1.1.pom
2025-09-17 16:59:15,673 [main] INFO  o.e.m.c.i.e.AbstractTransferListenerAdapter - Downloading https://repo.maven.apache.org/maven2/org/apache/maven/shared/maven-shared-components/34/maven-shared-components-34.pom
2025-09-17 16:59:15,674 [main] INFO  o.e.m.c.i.e.AbstractTransferListenerAdapter - Downloaded https://repo.maven.apache.org/maven2/org/apache/maven/shared/maven-shared-components/34/maven-shared-components-34.pom
2025-09-17 16:59:15,706 [main] INFO  o.e.m.c.i.e.AbstractTransferListenerAdapter - Downloading https://repo.maven.apache.org/maven2/org/apache/maven/maven-artifact/3.2.5/maven-artifact-3.2.5.pom
2025-09-17 16:59:15,709 [main] INFO  o.e.m.c.i.e.AbstractTransferListenerAdapter - Downloaded https://repo.maven.apache.org/maven2/org/apache/maven/maven-artifact/3.2.5/maven-artifact-3.2.5.pom
2025-09-17 16:59:15,727 [main] INFO  o.e.m.c.i.e.AbstractTransferListenerAdapter - Downloading https://repo.maven.apache.org/maven2/org/apache/maven/maven/3.2.5/maven-3.2.5.pom
2025-09-17 16:59:15,731 [main] INFO  o.e.m.c.i.e.AbstractTransferListenerAdapter - Downloaded https://repo.maven.apache.org/maven2/org/apache/maven/maven/3.2.5/maven-3.2.5.pom
2025-09-17 16:59:15,749 [main] INFO  o.e.m.c.i.e.AbstractTransferListenerAdapter - Downloading https://repo.maven.apache.org/maven2/org/apache/maven/maven-parent/25/maven-parent-25.pom
2025-09-17 16:59:15,752 [main] INFO  o.e.m.c.i.e.AbstractTransferListenerAdapter - Downloaded https://repo.maven.apache.org/maven2/org/apache/maven/maven-parent/25/maven-parent-25.pom
2025-09-17 16:59:15,768 [main] INFO  o.e.m.c.i.e.AbstractTransferListenerAdapter - Downloading https://repo.maven.apache.org/maven2/org/apache/apache/15/apache-15.pom
2025-09-17 16:59:15,769 [main] INFO  o.e.m.c.i.e.AbstractTransferListenerAdapter - Downloaded https://repo.maven.apache.org/maven2/org/apache/apache/15/apache-15.pom
2025-09-17 16:59:15,805 [main] INFO  o.e.m.c.i.e.AbstractTransferListenerAdapter - Downloading https://repo.maven.apache.org/maven2/org/apache/maven/maven-core/3.2.5/maven-core-3.2.5.pom
2025-09-17 16:59:15,806 [main] INFO  o.e.m.c.i.e.AbstractTransferListenerAdapter - Downloaded https://repo.maven.apache.org/maven2/org/apache/maven/maven-core/3.2.5/maven-core-3.2.5.pom
2025-09-17 16:59:15,832 [main] INFO  o.e.m.c.i.e.AbstractTransferListenerAdapter - Downloading https://repo.maven.apache.org/maven2/org/apache/maven/maven-settings/3.2.5/maven-settings-3.2.5.pom
2025-09-17 16:59:15,834 [main] INFO  o.e.m.c.i.e.AbstractTransferListenerAdapter - Downloaded https://repo.maven.apache.org/maven2/org/apache/maven/maven-settings/3.2.5/maven-settings-3.2.5.pom
2025-09-17 16:59:15,852 [main] INFO  o.e.m.c.i.e.AbstractTransferListenerAdapter - Downloading https://repo.maven.apache.org/maven2/org/apache/maven/maven-settings-builder/3.2.5/maven-settings-builder-3.2.5.pom
2025-09-17 16:59:15,854 [main] INFO  o.e.m.c.i.e.AbstractTransferListenerAdapter - Downloaded https://repo.maven.apache.org/maven2/org/apache/maven/maven-settings-builder/3.2.5/maven-settings-builder-3.2.5.pom
2025-09-17 16:59:15,878 [main] INFO  o.e.m.c.i.e.AbstractTransferListenerAdapter - Downloading https://repo.maven.apache.org/maven2/org/codehaus/plexus/plexus-interpolation/1.21/plexus-interpolation-1.21.pom
2025-09-17 16:59:15,879 [main] INFO  o.e.m.c.i.e.AbstractTransferListenerAdapter - Downloaded https://repo.maven.apache.org/maven2/org/codehaus/plexus/plexus-interpolation/1.21/plexus-interpolation-1.21.pom
2025-09-17 16:59:15,894 [main] INFO  o.e.m.c.i.e.AbstractTransferListenerAdapter - Downloading https://repo.maven.apache.org/maven2/org/codehaus/plexus/plexus-components/1.3.1/plexus-components-1.3.1.pom
2025-09-17 16:59:15,897 [main] INFO  o.e.m.c.i.e.AbstractTransferListenerAdapter - Downloaded https://repo.maven.apache.org/maven2/org/codehaus/plexus/plexus-components/1.3.1/plexus-components-1.3.1.pom
2025-09-17 16:59:15,913 [main] INFO  o.e.m.c.i.e.AbstractTransferListenerAdapter - Downloading https://repo.maven.apache.org/maven2/org/codehaus/plexus/plexus/3.3.1/plexus-3.3.1.pom
2025-09-17 16:59:15,916 [main] INFO  o.e.m.c.i.e.AbstractTransferListenerAdapter - Downloaded https://repo.maven.apache.org/maven2/org/codehaus/plexus/plexus/3.3.1/plexus-3.3.1.pom
2025-09-17 16:59:15,934 [main] INFO  o.e.m.c.i.e.AbstractTransferListenerAdapter - Downloading https://repo.maven.apache.org/maven2/org/sonatype/spice/spice-parent/17/spice-parent-17.pom
2025-09-17 16:59:15,935 [main] INFO  o.e.m.c.i.e.AbstractTransferListenerAdapter - Downloaded https://repo.maven.apache.org/maven2/org/sonatype/spice/spice-parent/17/spice-parent-17.pom
2025-09-17 16:59:15,952 [main] INFO  o.e.m.c.i.e.AbstractTransferListenerAdapter - Downloading https://repo.maven.apache.org/maven2/org/sonatype/forge/forge-parent/10/forge-parent-10.pom
2025-09-17 16:59:15,954 [main] INFO  o.e.m.c.i.e.AbstractTransferListenerAdapter - Downloaded https://repo.maven.apache.org/maven2/org/sonatype/forge/forge-parent/10/forge-parent-10.pom
2025-09-17 16:59:15,975 [main] INFO  o.e.m.c.i.e.AbstractTransferListenerAdapter - Downloading https://repo.maven.apache.org/maven2/org/codehaus/plexus/plexus-component-annotations/1.5.5/plexus-component-annotations-1.5.5.pom
2025-09-17 16:59:15,976 [main] INFO  o.e.m.c.i.e.AbstractTransferListenerAdapter - Downloaded https://repo.maven.apache.org/maven2/org/codehaus/plexus/plexus-component-annotations/1.5.5/plexus-component-annotations-1.5.5.pom
2025-09-17 16:59:15,990 [main] INFO  o.e.m.c.i.e.AbstractTransferListenerAdapter - Downloading https://repo.maven.apache.org/maven2/org/codehaus/plexus/plexus-containers/1.5.5/plexus-containers-1.5.5.pom
2025-09-17 16:59:15,994 [main] INFO  o.e.m.c.i.e.AbstractTransferListenerAdapter - Downloaded https://repo.maven.apache.org/maven2/org/codehaus/plexus/plexus-containers/1.5.5/plexus-containers-1.5.5.pom
2025-09-17 16:59:16,008 [main] INFO  o.e.m.c.i.e.AbstractTransferListenerAdapter - Downloading https://repo.maven.apache.org/maven2/org/codehaus/plexus/plexus/2.0.7/plexus-2.0.7.pom
2025-09-17 16:59:16,010 [main] INFO  o.e.m.c.i.e.AbstractTransferListenerAdapter - Downloaded https://repo.maven.apache.org/maven2/org/codehaus/plexus/plexus/2.0.7/plexus-2.0.7.pom
2025-09-17 16:59:16,026 [main] INFO  o.e.m.c.i.e.AbstractTransferListenerAdapter - Downloading https://repo.maven.apache.org/maven2/org/sonatype/plexus/plexus-sec-dispatcher/1.3/plexus-sec-dispatcher-1.3.pom
2025-09-17 16:59:16,027 [main] INFO  o.e.m.c.i.e.AbstractTransferListenerAdapter - Downloaded https://repo.maven.apache.org/maven2/org/sonatype/plexus/plexus-sec-dispatcher/1.3/plexus-sec-dispatcher-1.3.pom
2025-09-17 16:59:16,042 [main] INFO  o.e.m.c.i.e.AbstractTransferListenerAdapter - Downloading https://repo.maven.apache.org/maven2/org/sonatype/spice/spice-parent/12/spice-parent-12.pom
2025-09-17 16:59:16,044 [main] INFO  o.e.m.c.i.e.AbstractTransferListenerAdapter - Downloaded https://repo.maven.apache.org/maven2/org/sonatype/spice/spice-parent/12/spice-parent-12.pom
2025-09-17 16:59:16,060 [main] INFO  o.e.m.c.i.e.AbstractTransferListenerAdapter - Downloading https://repo.maven.apache.org/maven2/org/sonatype/forge/forge-parent/4/forge-parent-4.pom
2025-09-17 16:59:16,061 [main] INFO  o.e.m.c.i.e.AbstractTransferListenerAdapter - Downloaded https://repo.maven.apache.org/maven2/org/sonatype/forge/forge-parent/4/forge-parent-4.pom
2025-09-17 16:59:16,080 [main] INFO  o.e.m.c.i.e.AbstractTransferListenerAdapter - Downloading https://repo.maven.apache.org/maven2/org/sonatype/plexus/plexus-cipher/1.4/plexus-cipher-1.4.pom
2025-09-17 16:59:16,083 [main] INFO  o.e.m.c.i.e.AbstractTransferListenerAdapter - Downloaded https://repo.maven.apache.org/maven2/org/sonatype/plexus/plexus-cipher/1.4/plexus-cipher-1.4.pom
2025-09-17 16:59:16,100 [main] INFO  o.e.m.c.i.e.AbstractTransferListenerAdapter - Downloading https://repo.maven.apache.org/maven2/org/apache/maven/maven-repository-metadata/3.2.5/maven-repository-metadata-3.2.5.pom
2025-09-17 16:59:16,102 [main] INFO  o.e.m.c.i.e.AbstractTransferListenerAdapter - Downloaded https://repo.maven.apache.org/maven2/org/apache/maven/maven-repository-metadata/3.2.5/maven-repository-metadata-3.2.5.pom
2025-09-17 16:59:16,122 [main] INFO  o.e.m.c.i.e.AbstractTransferListenerAdapter - Downloading https://repo.maven.apache.org/maven2/org/apache/maven/maven-plugin-api/3.2.5/maven-plugin-api-3.2.5.pom
2025-09-17 16:59:16,123 [main] INFO  o.e.m.c.i.e.AbstractTransferListenerAdapter - Downloaded https://repo.maven.apache.org/maven2/org/apache/maven/maven-plugin-api/3.2.5/maven-plugin-api-3.2.5.pom
2025-09-17 16:59:16,146 [main] INFO  o.e.m.c.i.e.AbstractTransferListenerAdapter - Downloading https://repo.maven.apache.org/maven2/org/eclipse/sisu/org.eclipse.sisu.plexus/0.9.0.M2/org.eclipse.sisu.plexus-0.9.0.M2.pom
2025-09-17 16:59:16,147 [main] INFO  o.e.m.c.i.e.AbstractTransferListenerAdapter - Downloaded https://repo.maven.apache.org/maven2/org/eclipse/sisu/org.eclipse.sisu.plexus/0.9.0.M2/org.eclipse.sisu.plexus-0.9.0.M2.pom
2025-09-17 16:59:16,166 [main] INFO  o.e.m.c.i.e.AbstractTransferListenerAdapter - Downloading https://repo.maven.apache.org/maven2/org/eclipse/sisu/sisu-plexus/0.9.0.M2/sisu-plexus-0.9.0.M2.pom
2025-09-17 16:59:16,167 [main] INFO  o.e.m.c.i.e.AbstractTransferListenerAdapter - Downloaded https://repo.maven.apache.org/maven2/org/eclipse/sisu/sisu-plexus/0.9.0.M2/sisu-plexus-0.9.0.M2.pom
2025-09-17 16:59:16,189 [main] INFO  o.e.m.c.i.e.AbstractTransferListenerAdapter - Downloading https://repo.maven.apache.org/maven2/javax/annotation/javax.annotation-api/1.2/javax.annotation-api-1.2.pom
2025-09-17 16:59:16,191 [main] INFO  o.e.m.c.i.e.AbstractTransferListenerAdapter - Downloaded https://repo.maven.apache.org/maven2/javax/annotation/javax.annotation-api/1.2/javax.annotation-api-1.2.pom
2025-09-17 16:59:16,212 [main] INFO  o.e.m.c.i.e.AbstractTransferListenerAdapter - Downloading https://repo.maven.apache.org/maven2/net/java/jvnet-parent/3/jvnet-parent-3.pom
2025-09-17 16:59:16,215 [main] INFO  o.e.m.c.i.e.AbstractTransferListenerAdapter - Downloaded https://repo.maven.apache.org/maven2/net/java/jvnet-parent/3/jvnet-parent-3.pom
2025-09-17 16:59:16,232 [main] INFO  o.e.m.c.i.e.AbstractTransferListenerAdapter - Downloading https://repo.maven.apache.org/maven2/javax/enterprise/cdi-api/1.2/cdi-api-1.2.pom
2025-09-17 16:59:16,234 [main] INFO  o.e.m.c.i.e.AbstractTransferListenerAdapter - Downloaded https://repo.maven.apache.org/maven2/javax/enterprise/cdi-api/1.2/cdi-api-1.2.pom
2025-09-17 16:59:16,254 [main] INFO  o.e.m.c.i.e.AbstractTransferListenerAdapter - Downloading https://repo.maven.apache.org/maven2/org/jboss/weld/weld-parent/26/weld-parent-26.pom
2025-09-17 16:59:16,256 [main] INFO  o.e.m.c.i.e.AbstractTransferListenerAdapter - Downloaded https://repo.maven.apache.org/maven2/org/jboss/weld/weld-parent/26/weld-parent-26.pom
2025-09-17 16:59:16,291 [main] INFO  o.e.m.c.i.e.AbstractTransferListenerAdapter - Downloading https://repo.maven.apache.org/maven2/org/eclipse/sisu/org.eclipse.sisu.inject/0.9.0.M2/org.eclipse.sisu.inject-0.9.0.M2.pom
2025-09-17 16:59:16,293 [main] INFO  o.e.m.c.i.e.AbstractTransferListenerAdapter - Downloaded https://repo.maven.apache.org/maven2/org/eclipse/sisu/org.eclipse.sisu.inject/0.9.0.M2/org.eclipse.sisu.inject-0.9.0.M2.pom
2025-09-17 16:59:16,309 [main] INFO  o.e.m.c.i.e.AbstractTransferListenerAdapter - Downloading https://repo.maven.apache.org/maven2/org/eclipse/sisu/sisu-inject/0.9.0.M2/sisu-inject-0.9.0.M2.pom
2025-09-17 16:59:16,314 [main] INFO  o.e.m.c.i.e.AbstractTransferListenerAdapter - Downloaded https://repo.maven.apache.org/maven2/org/eclipse/sisu/sisu-inject/0.9.0.M2/sisu-inject-0.9.0.M2.pom
2025-09-17 16:59:16,331 [main] INFO  o.e.m.c.i.e.AbstractTransferListenerAdapter - Downloading https://repo.maven.apache.org/maven2/org/codehaus/plexus/plexus-component-annotations/2.1.0/plexus-component-annotations-2.1.0.pom
2025-09-17 16:59:16,332 [main] INFO  o.e.m.c.i.e.AbstractTransferListenerAdapter - Downloaded https://repo.maven.apache.org/maven2/org/codehaus/plexus/plexus-component-annotations/2.1.0/plexus-component-annotations-2.1.0.pom
2025-09-17 16:59:16,351 [main] INFO  o.e.m.c.i.e.AbstractTransferListenerAdapter - Downloading https://repo.maven.apache.org/maven2/org/codehaus/plexus/plexus-containers/2.1.0/plexus-containers-2.1.0.pom
2025-09-17 16:59:16,354 [main] INFO  o.e.m.c.i.e.AbstractTransferListenerAdapter - Downloaded https://repo.maven.apache.org/maven2/org/codehaus/plexus/plexus-containers/2.1.0/plexus-containers-2.1.0.pom
2025-09-17 16:59:16,379 [main] INFO  o.e.m.c.i.e.AbstractTransferListenerAdapter - Downloading https://repo.maven.apache.org/maven2/org/codehaus/plexus/plexus-classworlds/2.6.0/plexus-classworlds-2.6.0.pom
2025-09-17 16:59:16,381 [main] INFO  o.e.m.c.i.e.AbstractTransferListenerAdapter - Downloaded https://repo.maven.apache.org/maven2/org/codehaus/plexus/plexus-classworlds/2.6.0/plexus-classworlds-2.6.0.pom
2025-09-17 16:59:16,399 [main] INFO  o.e.m.c.i.e.AbstractTransferListenerAdapter - Downloading https://repo.maven.apache.org/maven2/org/apache/maven/maven-model-builder/3.2.5/maven-model-builder-3.2.5.pom
2025-09-17 16:59:16,400 [main] INFO  o.e.m.c.i.e.AbstractTransferListenerAdapter - Downloaded https://repo.maven.apache.org/maven2/org/apache/maven/maven-model-builder/3.2.5/maven-model-builder-3.2.5.pom
2025-09-17 16:59:16,425 [main] INFO  o.e.m.c.i.e.AbstractTransferListenerAdapter - Downloading https://repo.maven.apache.org/maven2/org/apache/maven/maven-aether-provider/3.2.5/maven-aether-provider-3.2.5.pom
2025-09-17 16:59:16,427 [main] INFO  o.e.m.c.i.e.AbstractTransferListenerAdapter - Downloaded https://repo.maven.apache.org/maven2/org/apache/maven/maven-aether-provider/3.2.5/maven-aether-provider-3.2.5.pom
2025-09-17 16:59:16,453 [main] INFO  o.e.m.c.i.e.AbstractTransferListenerAdapter - Downloading https://repo.maven.apache.org/maven2/org/eclipse/aether/aether-spi/1.0.0.v20140518/aether-spi-1.0.0.v20140518.pom
2025-09-17 16:59:16,454 [main] INFO  o.e.m.c.i.e.AbstractTransferListenerAdapter - Downloaded https://repo.maven.apache.org/maven2/org/eclipse/aether/aether-spi/1.0.0.v20140518/aether-spi-1.0.0.v20140518.pom
2025-09-17 16:59:16,471 [main] INFO  o.e.m.c.i.e.AbstractTransferListenerAdapter - Downloading https://repo.maven.apache.org/maven2/org/eclipse/aether/aether-impl/1.0.0.v20140518/aether-impl-1.0.0.v20140518.pom
2025-09-17 16:59:16,472 [main] INFO  o.e.m.c.i.e.AbstractTransferListenerAdapter - Downloaded https://repo.maven.apache.org/maven2/org/eclipse/aether/aether-impl/1.0.0.v20140518/aether-impl-1.0.0.v20140518.pom
2025-09-17 16:59:16,492 [main] INFO  o.e.m.c.i.e.AbstractTransferListenerAdapter - Downloading https://repo.maven.apache.org/maven2/org/sonatype/sisu/sisu-guice/3.2.3/sisu-guice-3.2.3.pom
2025-09-17 16:59:16,495 [main] INFO  o.e.m.c.i.e.AbstractTransferListenerAdapter - Downloaded https://repo.maven.apache.org/maven2/org/sonatype/sisu/sisu-guice/3.2.3/sisu-guice-3.2.3.pom
2025-09-17 16:59:16,510 [main] INFO  o.e.m.c.i.e.AbstractTransferListenerAdapter - Downloading https://repo.maven.apache.org/maven2/org/sonatype/sisu/inject/guice-parent/3.2.3/guice-parent-3.2.3.pom
2025-09-17 16:59:16,512 [main] INFO  o.e.m.c.i.e.AbstractTransferListenerAdapter - Downloaded https://repo.maven.apache.org/maven2/org/sonatype/sisu/inject/guice-parent/3.2.3/guice-parent-3.2.3.pom
2025-09-17 16:59:16,536 [main] INFO  o.e.m.c.i.e.AbstractTransferListenerAdapter - Downloading https://repo.maven.apache.org/maven2/org/sonatype/forge/forge-parent/38/forge-parent-38.pom
2025-09-17 16:59:16,539 [main] INFO  o.e.m.c.i.e.AbstractTransferListenerAdapter - Downloaded https://repo.maven.apache.org/maven2/org/sonatype/forge/forge-parent/38/forge-parent-38.pom
2025-09-17 16:59:16,558 [main] INFO  o.e.m.c.i.e.AbstractTransferListenerAdapter - Downloading https://repo.maven.apache.org/maven2/aopalliance/aopalliance/1.0/aopalliance-1.0.pom
2025-09-17 16:59:16,560 [main] INFO  o.e.m.c.i.e.AbstractTransferListenerAdapter - Downloaded https://repo.maven.apache.org/maven2/aopalliance/aopalliance/1.0/aopalliance-1.0.pom
2025-09-17 16:59:16,578 [main] INFO  o.e.m.c.i.e.AbstractTransferListenerAdapter - Downloading https://repo.maven.apache.org/maven2/com/google/guava/guava/16.0.1/guava-16.0.1.pom
2025-09-17 16:59:16,580 [main] INFO  o.e.m.c.i.e.AbstractTransferListenerAdapter - Downloaded https://repo.maven.apache.org/maven2/com/google/guava/guava/16.0.1/guava-16.0.1.pom
2025-09-17 16:59:16,602 [main] INFO  o.e.m.c.i.e.AbstractTransferListenerAdapter - Downloading https://repo.maven.apache.org/maven2/com/google/guava/guava-parent/16.0.1/guava-parent-16.0.1.pom
2025-09-17 16:59:16,604 [main] INFO  o.e.m.c.i.e.AbstractTransferListenerAdapter - Downloaded https://repo.maven.apache.org/maven2/com/google/guava/guava-parent/16.0.1/guava-parent-16.0.1.pom
2025-09-17 16:59:16,619 [main] INFO  o.e.m.c.i.e.AbstractTransferListenerAdapter - Downloading https://repo.maven.apache.org/maven2/org/sonatype/oss/oss-parent/7/oss-parent-7.pom
2025-09-17 16:59:16,622 [main] INFO  o.e.m.c.i.e.AbstractTransferListenerAdapter - Downloaded https://repo.maven.apache.org/maven2/org/sonatype/oss/oss-parent/7/oss-parent-7.pom
2025-09-17 16:59:16,647 [main] INFO  o.e.m.c.i.e.AbstractTransferListenerAdapter - Downloading https://repo.maven.apache.org/maven2/org/codehaus/plexus/plexus-classworlds/2.5.2/plexus-classworlds-2.5.2.pom
2025-09-17 16:59:16,649 [main] INFO  o.e.m.c.i.e.AbstractTransferListenerAdapter - Downloaded https://repo.maven.apache.org/maven2/org/codehaus/plexus/plexus-classworlds/2.5.2/plexus-classworlds-2.5.2.pom
2025-09-17 16:59:16,669 [main] INFO  o.e.m.c.i.e.AbstractTransferListenerAdapter - Downloading https://repo.maven.apache.org/maven2/commons-io/commons-io/2.15.1/commons-io-2.15.1.pom
2025-09-17 16:59:16,670 [main] INFO  o.e.m.c.i.e.AbstractTransferListenerAdapter - Downloaded https://repo.maven.apache.org/maven2/commons-io/commons-io/2.15.1/commons-io-2.15.1.pom
2025-09-17 16:59:16,694 [main] INFO  o.e.m.c.i.e.AbstractTransferListenerAdapter - Downloading https://repo.maven.apache.org/maven2/org/apache/commons/commons-parent/65/commons-parent-65.pom
2025-09-17 16:59:16,698 [main] INFO  o.e.m.c.i.e.AbstractTransferListenerAdapter - Downloaded https://repo.maven.apache.org/maven2/org/apache/commons/commons-parent/65/commons-parent-65.pom
2025-09-17 16:59:16,785 [main] INFO  o.e.m.c.i.e.AbstractTransferListenerAdapter - Downloading https://repo.maven.apache.org/maven2/org/apache/maven/surefire/maven-surefire-common/3.2.5/maven-surefire-common-3.2.5.jar
2025-09-17 16:59:16,802 [main] INFO  o.e.m.c.i.e.AbstractTransferListenerAdapter - Downloaded https://repo.maven.apache.org/maven2/org/apache/maven/surefire/maven-surefire-common/3.2.5/maven-surefire-common-3.2.5.jar
2025-09-17 16:59:16,824 [BasicRepositoryConnector-repo.maven.apache.org-0-1] INFO  o.e.m.c.i.e.AbstractTransferListenerAdapter - Downloading https://repo.maven.apache.org/maven2/org/apache/maven/surefire/surefire-logger-api/3.2.5/surefire-logger-api-3.2.5.jar
2025-09-17 16:59:16,827 [BasicRepositoryConnector-repo.maven.apache.org-0-1] INFO  o.e.m.c.i.e.AbstractTransferListenerAdapter - Downloaded https://repo.maven.apache.org/maven2/org/apache/maven/surefire/surefire-logger-api/3.2.5/surefire-logger-api-3.2.5.jar
2025-09-17 16:59:16,843 [BasicRepositoryConnector-repo.maven.apache.org-0-1] INFO  o.e.m.c.i.e.AbstractTransferListenerAdapter - Downloading https://repo.maven.apache.org/maven2/org/eclipse/aether/aether-util/1.0.0.v20140518/aether-util-1.0.0.v20140518.jar
2025-09-17 16:59:16,851 [BasicRepositoryConnector-repo.maven.apache.org-0-1] INFO  o.e.m.c.i.e.AbstractTransferListenerAdapter - Downloaded https://repo.maven.apache.org/maven2/org/eclipse/aether/aether-util/1.0.0.v20140518/aether-util-1.0.0.v20140518.jar
2025-09-17 16:59:16,867 [BasicRepositoryConnector-repo.maven.apache.org-0-1] INFO  o.e.m.c.i.e.AbstractTransferListenerAdapter - Downloading https://repo.maven.apache.org/maven2/org/eclipse/aether/aether-api/1.0.0.v20140518/aether-api-1.0.0.v20140518.jar
2025-09-17 16:59:16,872 [BasicRepositoryConnector-repo.maven.apache.org-0-1] INFO  o.e.m.c.i.e.AbstractTransferListenerAdapter - Downloaded https://repo.maven.apache.org/maven2/org/eclipse/aether/aether-api/1.0.0.v20140518/aether-api-1.0.0.v20140518.jar
2025-09-17 16:59:16,884 [BasicRepositoryConnector-repo.maven.apache.org-0-1] INFO  o.e.m.c.i.e.AbstractTransferListenerAdapter - Downloading https://repo.maven.apache.org/maven2/org/apache/maven/shared/maven-common-artifact-filters/3.1.1/maven-common-artifact-filters-3.1.1.jar
2025-09-17 16:59:16,888 [BasicRepositoryConnector-repo.maven.apache.org-0-1] INFO  o.e.m.c.i.e.AbstractTransferListenerAdapter - Downloaded https://repo.maven.apache.org/maven2/org/apache/maven/shared/maven-common-artifact-filters/3.1.1/maven-common-artifact-filters-3.1.1.jar
2025-09-17 16:59:16,902 [BasicRepositoryConnector-repo.maven.apache.org-0-1] INFO  o.e.m.c.i.e.AbstractTransferListenerAdapter - Downloading https://repo.maven.apache.org/maven2/commons-io/commons-io/2.15.1/commons-io-2.15.1.jar
2025-09-17 16:59:16,917 [BasicRepositoryConnector-repo.maven.apache.org-0-1] INFO  o.e.m.c.i.e.AbstractTransferListenerAdapter - Downloaded https://repo.maven.apache.org/maven2/commons-io/commons-io/2.15.1/commons-io-2.15.1.jar
2025-09-17 16:59:16,933 [BasicRepositoryConnector-repo.maven.apache.org-0-1] INFO  o.e.m.c.i.e.AbstractTransferListenerAdapter - Downloading https://repo.maven.apache.org/maven2/org/apache/maven/surefire/surefire-shared-utils/3.2.5/surefire-shared-utils-3.2.5.jar
2025-09-17 16:59:16,942 [BasicRepositoryConnector-repo.maven.apache.org-0-3] INFO  o.e.m.c.i.e.AbstractTransferListenerAdapter - Downloading https://repo.maven.apache.org/maven2/org/apache/maven/surefire/surefire-booter/3.2.5/surefire-booter-3.2.5.jar
2025-09-17 16:59:16,942 [BasicRepositoryConnector-repo.maven.apache.org-0-2] INFO  o.e.m.c.i.e.AbstractTransferListenerAdapter - Downloading https://repo.maven.apache.org/maven2/org/apache/maven/surefire/surefire-extensions-api/3.2.5/surefire-extensions-api-3.2.5.jar
2025-09-17 16:59:16,947 [BasicRepositoryConnector-repo.maven.apache.org-0-4] INFO  o.e.m.c.i.e.AbstractTransferListenerAdapter - Downloading https://repo.maven.apache.org/maven2/org/apache/maven/surefire/surefire-extensions-spi/3.2.5/surefire-extensions-spi-3.2.5.jar
2025-09-17 16:59:16,950 [BasicRepositoryConnector-repo.maven.apache.org-0-4] INFO  o.e.m.c.i.e.AbstractTransferListenerAdapter - Downloaded https://repo.maven.apache.org/maven2/org/apache/maven/surefire/surefire-extensions-spi/3.2.5/surefire-extensions-spi-3.2.5.jar
2025-09-17 16:59:16,951 [BasicRepositoryConnector-repo.maven.apache.org-0-2] INFO  o.e.m.c.i.e.AbstractTransferListenerAdapter - Downloaded https://repo.maven.apache.org/maven2/org/apache/maven/surefire/surefire-extensions-api/3.2.5/surefire-extensions-api-3.2.5.jar
2025-09-17 16:59:16,953 [BasicRepositoryConnector-repo.maven.apache.org-0-0] INFO  o.e.m.c.i.e.AbstractTransferListenerAdapter - Downloading https://repo.maven.apache.org/maven2/org/apache/maven/surefire/surefire-api/3.2.5/surefire-api-3.2.5.jar
2025-09-17 16:59:16,985 [BasicRepositoryConnector-repo.maven.apache.org-0-3] INFO  o.e.m.c.i.e.AbstractTransferListenerAdapter - Downloaded https://repo.maven.apache.org/maven2/org/apache/maven/surefire/surefire-booter/3.2.5/surefire-booter-3.2.5.jar
2025-09-17 16:59:16,993 [BasicRepositoryConnector-repo.maven.apache.org-0-0] INFO  o.e.m.c.i.e.AbstractTransferListenerAdapter - Downloaded https://repo.maven.apache.org/maven2/org/apache/maven/surefire/surefire-api/3.2.5/surefire-api-3.2.5.jar
2025-09-17 16:59:17,008 [BasicRepositoryConnector-repo.maven.apache.org-0-1] INFO  o.e.m.c.i.e.AbstractTransferListenerAdapter - Downloaded https://repo.maven.apache.org/maven2/org/apache/maven/surefire/surefire-shared-utils/3.2.5/surefire-shared-utils-3.2.5.jar
2025-09-17 17:03:04,520 [Worker-38: Building] INFO  o.a.m.s.f.DefaultMavenResourcesFiltering - skip non existing resourceDirectory /Users/robustianogijon/Documents/Taller-Progamacion-1/TP/TEST_tallerProgramacion/src/main/resources
2025-09-17 17:03:04,544 [Worker-38: Building] INFO  o.a.m.s.f.DefaultMavenResourcesFiltering - skip non existing resourceDirectory /Users/robustianogijon/Documents/Taller-Progamacion-1/TP/TEST_tallerProgramacion/src/test/resources
2025-09-17 17:08:16,642 [Worker-41: Building] INFO  o.a.m.s.f.DefaultMavenResourcesFiltering - skip non existing resourceDirectory /Users/robustianogijon/Documents/Taller-Progamacion-1/TP/TEST_tallerProgramacion/src/main/resources
2025-09-17 17:08:16,658 [Worker-41: Building] INFO  o.a.m.s.f.DefaultMavenResourcesFiltering - skip non existing resourceDirectory /Users/robustianogijon/Documents/Taller-Progamacion-1/TP/TEST_tallerProgramacion/src/test/resources
2025-09-17 17:12:59,529 [Worker-44: Building] INFO  o.a.m.s.f.DefaultMavenResourcesFiltering - skip non existing resourceDirectory /Users/robustianogijon/Documents/Taller-Progamacion-1/TP/TEST_tallerProgramacion/src/main/resources
2025-09-17 17:12:59,542 [Worker-44: Building] INFO  o.a.m.s.f.DefaultMavenResourcesFiltering - skip non existing resourceDirectory /Users/robustianogijon/Documents/Taller-Progamacion-1/TP/TEST_tallerProgramacion/src/test/resources
2025-09-17 17:13:07,429 [main] INFO  o.e.m.jdt.internal.UnitTestSupport - Updating Test_Mensajes from maven configuration
2025-09-17 17:13:08,812 [Worker-36: Launching Test_Mensajes] INFO  o.a.m.s.f.DefaultMavenResourcesFiltering - skip non existing resourceDirectory /Users/robustianogijon/Documents/Taller-Progamacion-1/TP/TEST_tallerProgramacion/src/main/resources
2025-09-17 17:13:08,817 [Worker-36: Launching Test_Mensajes] INFO  o.a.m.s.f.DefaultMavenResourcesFiltering - skip non existing resourceDirectory /Users/robustianogijon/Documents/Taller-Progamacion-1/TP/TEST_tallerProgramacion/src/test/resources
2025-09-17 17:13:51,236 [Worker-39: Launching Test_Mensajes] INFO  o.a.m.s.f.DefaultMavenResourcesFiltering - skip non existing resourceDirectory /Users/robustianogijon/Documents/Taller-Progamacion-1/TP/TEST_tallerProgramacion/src/main/resources
2025-09-17 17:13:51,250 [Worker-39: Launching Test_Mensajes] INFO  o.a.m.s.f.DefaultMavenResourcesFiltering - skip non existing resourceDirectory /Users/robustianogijon/Documents/Taller-Progamacion-1/TP/TEST_tallerProgramacion/src/test/resources
2025-09-17 17:14:16,421 [Worker-44: Launching Test_Mensajes] INFO  o.a.m.s.f.DefaultMavenResourcesFiltering - skip non existing resourceDirectory /Users/robustianogijon/Documents/Taller-Progamacion-1/TP/TEST_tallerProgramacion/src/main/resources
2025-09-17 17:14:16,425 [Worker-44: Launching Test_Mensajes] INFO  o.a.m.s.f.DefaultMavenResourcesFiltering - skip non existing resourceDirectory /Users/robustianogijon/Documents/Taller-Progamacion-1/TP/TEST_tallerProgramacion/src/test/resources
2025-09-17 17:15:32,355 [Worker-41: Building] INFO  o.a.m.s.f.DefaultMavenResourcesFiltering - skip non existing resourceDirectory /Users/robustianogijon/Documents/Taller-Progamacion-1/TP/TEST_tallerProgramacion/src/main/resources
2025-09-17 17:15:32,363 [Worker-41: Building] INFO  o.a.m.s.f.DefaultMavenResourcesFiltering - skip non existing resourceDirectory /Users/robustianogijon/Documents/Taller-Progamacion-1/TP/TEST_tallerProgramacion/src/test/resources
2025-09-17 17:33:57,119 [Worker-49: Building] INFO  o.a.m.s.f.DefaultMavenResourcesFiltering - skip non existing resourceDirectory /Users/robustianogijon/Documents/Taller-Progamacion-1/TP/TEST_tallerProgramacion/src/main/resources
2025-09-17 17:33:57,159 [Worker-49: Building] INFO  o.a.m.s.f.DefaultMavenResourcesFiltering - skip non existing resourceDirectory /Users/robustianogijon/Documents/Taller-Progamacion-1/TP/TEST_tallerProgramacion/src/test/resources
2025-09-17 17:35:21,938 [Worker-49: Building] INFO  o.a.m.s.f.DefaultMavenResourcesFiltering - skip non existing resourceDirectory /Users/robustianogijon/Documents/Taller-Progamacion-1/TP/TEST_tallerProgramacion/src/main/resources
2025-09-17 17:35:21,940 [Worker-49: Building] INFO  o.a.m.s.f.DefaultMavenResourcesFiltering - skip non existing resourceDirectory /Users/robustianogijon/Documents/Taller-Progamacion-1/TP/TEST_tallerProgramacion/src/test/resources
2025-09-17 17:39:40,336 [Worker-44: Building] INFO  o.a.m.s.f.DefaultMavenResourcesFiltering - skip non existing resourceDirectory /Users/robustianogijon/Documents/Taller-Progamacion-1/TP/TEST_tallerProgramacion/src/main/resources
2025-09-17 17:39:40,347 [Worker-44: Building] INFO  o.a.m.s.f.DefaultMavenResourcesFiltering - skip non existing resourceDirectory /Users/robustianogijon/Documents/Taller-Progamacion-1/TP/TEST_tallerProgramacion/src/test/resources
2025-09-17 17:57:07,926 [Worker-51: Building] INFO  o.a.m.s.f.DefaultMavenResourcesFiltering - skip non existing resourceDirectory /Users/robustianogijon/Documents/Taller-Progamacion-1/TP/TEST_tallerProgramacion/src/main/resources
2025-09-17 17:57:07,938 [Worker-51: Building] INFO  o.a.m.s.f.DefaultMavenResourcesFiltering - skip non existing resourceDirectory /Users/robustianogijon/Documents/Taller-Progamacion-1/TP/TEST_tallerProgramacion/src/test/resources
2025-09-17 17:57:24,705 [main] INFO  o.e.m.jdt.internal.UnitTestSupport - Updating Test_ChoferABS_ChoferTemporario from maven configuration
2025-09-17 17:57:25,863 [Worker-55: Launching Test_ChoferABS_ChoferTemporario] INFO  o.a.m.s.f.DefaultMavenResourcesFiltering - skip non existing resourceDirectory /Users/robustianogijon/Documents/Taller-Progamacion-1/TP/TEST_tallerProgramacion/src/main/resources
2025-09-17 17:57:25,865 [Worker-55: Launching Test_ChoferABS_ChoferTemporario] INFO  o.a.m.s.f.DefaultMavenResourcesFiltering - skip non existing resourceDirectory /Users/robustianogijon/Documents/Taller-Progamacion-1/TP/TEST_tallerProgramacion/src/test/resources
2025-09-17 17:58:30,292 [Worker-44: Launching Test_ChoferABS_ChoferTemporario] INFO  o.a.m.s.f.DefaultMavenResourcesFiltering - skip non existing resourceDirectory /Users/robustianogijon/Documents/Taller-Progamacion-1/TP/TEST_tallerProgramacion/src/main/resources
2025-09-17 17:58:30,298 [Worker-44: Launching Test_ChoferABS_ChoferTemporario] INFO  o.a.m.s.f.DefaultMavenResourcesFiltering - skip non existing resourceDirectory /Users/robustianogijon/Documents/Taller-Progamacion-1/TP/TEST_tallerProgramacion/src/test/resources
2025-09-17 17:59:21,859 [Worker-53: Launching Test_ChoferABS_ChoferTemporario] INFO  o.a.m.s.f.DefaultMavenResourcesFiltering - skip non existing resourceDirectory /Users/robustianogijon/Documents/Taller-Progamacion-1/TP/TEST_tallerProgramacion/src/main/resources
2025-09-17 17:59:21,870 [Worker-53: Launching Test_ChoferABS_ChoferTemporario] INFO  o.a.m.s.f.DefaultMavenResourcesFiltering - skip non existing resourceDirectory /Users/robustianogijon/Documents/Taller-Progamacion-1/TP/TEST_tallerProgramacion/src/test/resources
2025-09-17 18:00:28,900 [Worker-55: Building] INFO  o.a.m.s.f.DefaultMavenResourcesFiltering - skip non existing resourceDirectory /Users/robustianogijon/Documents/Taller-Progamacion-1/TP/TEST_tallerProgramacion/src/main/resources
2025-09-17 18:00:28,903 [Worker-55: Building] INFO  o.a.m.s.f.DefaultMavenResourcesFiltering - skip non existing resourceDirectory /Users/robustianogijon/Documents/Taller-Progamacion-1/TP/TEST_tallerProgramacion/src/test/resources
2025-09-17 18:29:37,613 [Worker-59: Building] INFO  o.a.m.s.f.DefaultMavenResourcesFiltering - skip non existing resourceDirectory /Users/robustianogijon/Documents/Taller-Progamacion-1/TP/TEST_tallerProgramacion/src/main/resources
2025-09-17 18:29:37,627 [Worker-59: Building] INFO  o.a.m.s.f.DefaultMavenResourcesFiltering - skip non existing resourceDirectory /Users/robustianogijon/Documents/Taller-Progamacion-1/TP/TEST_tallerProgramacion/src/test/resources
2025-09-17 18:30:03,146 [Worker-63: Building] INFO  o.a.m.s.f.DefaultMavenResourcesFiltering - skip non existing resourceDirectory /Users/robustianogijon/Documents/Taller-Progamacion-1/TP/TEST_tallerProgramacion/src/main/resources
2025-09-17 18:30:03,148 [Worker-63: Building] INFO  o.a.m.s.f.DefaultMavenResourcesFiltering - skip non existing resourceDirectory /Users/robustianogijon/Documents/Taller-Progamacion-1/TP/TEST_tallerProgramacion/src/test/resources
2025-09-17 18:30:20,677 [main] INFO  o.e.m.jdt.internal.UnitTestSupport - Updating Test_ChoferPermanente from maven configuration
2025-09-17 18:31:32,158 [Worker-64: Launching Test_ChoferPermanente] INFO  o.a.m.s.f.DefaultMavenResourcesFiltering - skip non existing resourceDirectory /Users/robustianogijon/Documents/Taller-Progamacion-1/TP/TEST_tallerProgramacion/src/main/resources
2025-09-17 18:31:32,173 [Worker-64: Launching Test_ChoferPermanente] INFO  o.a.m.s.f.DefaultMavenResourcesFiltering - skip non existing resourceDirectory /Users/robustianogijon/Documents/Taller-Progamacion-1/TP/TEST_tallerProgramacion/src/test/resources
2025-09-17 18:31:56,769 [Worker-59: Launching Test_ChoferPermanente] INFO  o.a.m.s.f.DefaultMavenResourcesFiltering - skip non existing resourceDirectory /Users/robustianogijon/Documents/Taller-Progamacion-1/TP/TEST_tallerProgramacion/src/main/resources
2025-09-17 18:31:56,772 [Worker-59: Launching Test_ChoferPermanente] INFO  o.a.m.s.f.DefaultMavenResourcesFiltering - skip non existing resourceDirectory /Users/robustianogijon/Documents/Taller-Progamacion-1/TP/TEST_tallerProgramacion/src/test/resources
2025-09-17 18:35:20,859 [Worker-63: Building] INFO  o.a.m.s.f.DefaultMavenResourcesFiltering - skip non existing resourceDirectory /Users/robustianogijon/Documents/Taller-Progamacion-1/TP/TEST_tallerProgramacion/src/main/resources
2025-09-17 18:35:20,878 [Worker-63: Building] INFO  o.a.m.s.f.DefaultMavenResourcesFiltering - skip non existing resourceDirectory /Users/robustianogijon/Documents/Taller-Progamacion-1/TP/TEST_tallerProgramacion/src/test/resources
2025-09-17 18:37:13,072 [main] INFO  o.e.m2e.actions.ExecutePomAction - Creating new launch configuration
2025-09-17 18:37:21,540 [Worker-60: Launching Test_ChoferPermanente] INFO  o.a.m.s.f.DefaultMavenResourcesFiltering - skip non existing resourceDirectory /Users/robustianogijon/Documents/Taller-Progamacion-1/TP/TEST_tallerProgramacion/src/main/resources
2025-09-17 18:37:21,546 [Worker-60: Launching Test_ChoferPermanente] INFO  o.a.m.s.f.DefaultMavenResourcesFiltering - skip non existing resourceDirectory /Users/robustianogijon/Documents/Taller-Progamacion-1/TP/TEST_tallerProgramacion/src/test/resources
2025-09-17 18:44:51,986 [Worker-64: Building] INFO  o.a.m.s.f.DefaultMavenResourcesFiltering - skip non existing resourceDirectory /Users/robustianogijon/Documents/Taller-Progamacion-1/TP/TEST_tallerProgramacion/src/main/resources
2025-09-17 18:44:51,998 [Worker-64: Building] INFO  o.a.m.s.f.DefaultMavenResourcesFiltering - skip non existing resourceDirectory /Users/robustianogijon/Documents/Taller-Progamacion-1/TP/TEST_tallerProgramacion/src/test/resources
2025-09-17 18:51:06,418 [Worker-60: Building] INFO  o.a.m.s.f.DefaultMavenResourcesFiltering - skip non existing resourceDirectory /Users/robustianogijon/Documents/Taller-Progamacion-1/TP/TEST_tallerProgramacion/src/main/resources
2025-09-17 18:51:06,433 [Worker-60: Building] INFO  o.a.m.s.f.DefaultMavenResourcesFiltering - skip non existing resourceDirectory /Users/robustianogijon/Documents/Taller-Progamacion-1/TP/TEST_tallerProgramacion/src/test/resources
2025-09-17 18:51:40,066 [Worker-65: Building] INFO  o.a.m.s.f.DefaultMavenResourcesFiltering - skip non existing resourceDirectory /Users/robustianogijon/Documents/Taller-Progamacion-1/TP/TEST_tallerProgramacion/src/main/resources
2025-09-17 18:51:40,069 [Worker-65: Building] INFO  o.a.m.s.f.DefaultMavenResourcesFiltering - skip non existing resourceDirectory /Users/robustianogijon/Documents/Taller-Progamacion-1/TP/TEST_tallerProgramacion/src/test/resources
2025-09-17 18:51:47,165 [Worker-64: Building] INFO  o.a.m.s.f.DefaultMavenResourcesFiltering - skip non existing resourceDirectory /Users/robustianogijon/Documents/Taller-Progamacion-1/TP/TEST_tallerProgramacion/src/main/resources
2025-09-17 18:51:47,170 [Worker-64: Building] INFO  o.a.m.s.f.DefaultMavenResourcesFiltering - skip non existing resourceDirectory /Users/robustianogijon/Documents/Taller-Progamacion-1/TP/TEST_tallerProgramacion/src/test/resources
2025-09-17 18:51:51,483 [Worker-60: Building] INFO  o.a.m.s.f.DefaultMavenResourcesFiltering - skip non existing resourceDirectory /Users/robustianogijon/Documents/Taller-Progamacion-1/TP/TEST_tallerProgramacion/src/main/resources
2025-09-17 18:51:51,488 [Worker-60: Building] INFO  o.a.m.s.f.DefaultMavenResourcesFiltering - skip non existing resourceDirectory /Users/robustianogijon/Documents/Taller-Progamacion-1/TP/TEST_tallerProgramacion/src/test/resources
2025-09-17 18:52:09,742 [Worker-60: Building] INFO  o.a.m.s.f.DefaultMavenResourcesFiltering - skip non existing resourceDirectory /Users/robustianogijon/Documents/Taller-Progamacion-1/TP/TEST_tallerProgramacion/src/main/resources
2025-09-17 18:52:09,744 [Worker-60: Building] INFO  o.a.m.s.f.DefaultMavenResourcesFiltering - skip non existing resourceDirectory /Users/robustianogijon/Documents/Taller-Progamacion-1/TP/TEST_tallerProgramacion/src/test/resources
2025-09-17 18:52:14,027 [Worker-64: Building] INFO  o.a.m.s.f.DefaultMavenResourcesFiltering - skip non existing resourceDirectory /Users/robustianogijon/Documents/Taller-Progamacion-1/TP/TEST_tallerProgramacion/src/main/resources
2025-09-17 18:52:14,064 [Worker-64: Building] INFO  o.a.m.s.f.DefaultMavenResourcesFiltering - skip non existing resourceDirectory /Users/robustianogijon/Documents/Taller-Progamacion-1/TP/TEST_tallerProgramacion/src/test/resources
2025-09-17 18:52:18,057 [Worker-63: Building] INFO  o.a.m.s.f.DefaultMavenResourcesFiltering - skip non existing resourceDirectory /Users/robustianogijon/Documents/Taller-Progamacion-1/TP/TEST_tallerProgramacion/src/main/resources
2025-09-17 18:52:18,065 [Worker-63: Building] INFO  o.a.m.s.f.DefaultMavenResourcesFiltering - skip non existing resourceDirectory /Users/robustianogijon/Documents/Taller-Progamacion-1/TP/TEST_tallerProgramacion/src/test/resources
2025-09-17 18:54:21,707 [Worker-65: Building] INFO  o.a.m.s.f.DefaultMavenResourcesFiltering - skip non existing resourceDirectory /Users/robustianogijon/Documents/Taller-Progamacion-1/TP/TEST_tallerProgramacion/src/main/resources
2025-09-17 18:54:21,710 [Worker-65: Building] INFO  o.a.m.s.f.DefaultMavenResourcesFiltering - skip non existing resourceDirectory /Users/robustianogijon/Documents/Taller-Progamacion-1/TP/TEST_tallerProgramacion/src/test/resources
2025-09-17 18:54:43,067 [Worker-66: Building] INFO  o.a.m.s.f.DefaultMavenResourcesFiltering - skip non existing resourceDirectory /Users/robustianogijon/Documents/Taller-Progamacion-1/TP/TEST_tallerProgramacion/src/main/resources
2025-09-17 18:54:43,085 [Worker-66: Building] INFO  o.a.m.s.f.DefaultMavenResourcesFiltering - skip non existing resourceDirectory /Users/robustianogijon/Documents/Taller-Progamacion-1/TP/TEST_tallerProgramacion/src/test/resources
2025-09-17 18:55:12,619 [Worker-65: Building] INFO  o.a.m.s.f.DefaultMavenResourcesFiltering - skip non existing resourceDirectory /Users/robustianogijon/Documents/Taller-Progamacion-1/TP/TEST_tallerProgramacion/src/main/resources
2025-09-17 18:55:12,622 [Worker-65: Building] INFO  o.a.m.s.f.DefaultMavenResourcesFiltering - skip non existing resourceDirectory /Users/robustianogijon/Documents/Taller-Progamacion-1/TP/TEST_tallerProgramacion/src/test/resources
2025-09-17 18:55:43,596 [Worker-63: Building] INFO  o.a.m.s.f.DefaultMavenResourcesFiltering - skip non existing resourceDirectory /Users/robustianogijon/Documents/Taller-Progamacion-1/TP/TEST_tallerProgramacion/src/main/resources
2025-09-17 18:55:43,599 [Worker-63: Building] INFO  o.a.m.s.f.DefaultMavenResourcesFiltering - skip non existing resourceDirectory /Users/robustianogijon/Documents/Taller-Progamacion-1/TP/TEST_tallerProgramacion/src/test/resources
2025-09-17 18:59:33,526 [Worker-60: Building] INFO  o.a.m.s.f.DefaultMavenResourcesFiltering - skip non existing resourceDirectory /Users/robustianogijon/Documents/Taller-Progamacion-1/TP/TEST_tallerProgramacion/src/main/resources
2025-09-17 18:59:33,545 [Worker-60: Building] INFO  o.a.m.s.f.DefaultMavenResourcesFiltering - skip non existing resourceDirectory /Users/robustianogijon/Documents/Taller-Progamacion-1/TP/TEST_tallerProgramacion/src/test/resources
2025-09-17 18:59:49,768 [Worker-66: Building] INFO  o.a.m.s.f.DefaultMavenResourcesFiltering - skip non existing resourceDirectory /Users/robustianogijon/Documents/Taller-Progamacion-1/TP/TEST_tallerProgramacion/src/main/resources
2025-09-17 18:59:49,770 [Worker-66: Building] INFO  o.a.m.s.f.DefaultMavenResourcesFiltering - skip non existing resourceDirectory /Users/robustianogijon/Documents/Taller-Progamacion-1/TP/TEST_tallerProgramacion/src/test/resources
2025-09-17 18:59:58,254 [Worker-65: Building] INFO  o.a.m.s.f.DefaultMavenResourcesFiltering - skip non existing resourceDirectory /Users/robustianogijon/Documents/Taller-Progamacion-1/TP/TEST_tallerProgramacion/src/main/resources
2025-09-17 18:59:58,256 [Worker-65: Building] INFO  o.a.m.s.f.DefaultMavenResourcesFiltering - skip non existing resourceDirectory /Users/robustianogijon/Documents/Taller-Progamacion-1/TP/TEST_tallerProgramacion/src/test/resources
2025-09-17 19:00:19,895 [Worker-64: Building] INFO  o.a.m.s.f.DefaultMavenResourcesFiltering - skip non existing resourceDirectory /Users/robustianogijon/Documents/Taller-Progamacion-1/TP/TEST_tallerProgramacion/src/main/resources
2025-09-17 19:00:19,896 [Worker-64: Building] INFO  o.a.m.s.f.DefaultMavenResourcesFiltering - skip non existing resourceDirectory /Users/robustianogijon/Documents/Taller-Progamacion-1/TP/TEST_tallerProgramacion/src/test/resources
2025-09-17 19:01:18,372 [Worker-60: Building] INFO  o.a.m.s.f.DefaultMavenResourcesFiltering - skip non existing resourceDirectory /Users/robustianogijon/Documents/Taller-Progamacion-1/TP/TEST_tallerProgramacion/src/main/resources
2025-09-17 19:01:18,387 [Worker-60: Building] INFO  o.a.m.s.f.DefaultMavenResourcesFiltering - skip non existing resourceDirectory /Users/robustianogijon/Documents/Taller-Progamacion-1/TP/TEST_tallerProgramacion/src/test/resources
2025-09-17 19:02:27,470 [Worker-63: Launching Test_ChoferPermanente] INFO  o.a.m.s.f.DefaultMavenResourcesFiltering - skip non existing resourceDirectory /Users/robustianogijon/Documents/Taller-Progamacion-1/TP/TEST_tallerProgramacion/src/main/resources
2025-09-17 19:02:27,482 [Worker-63: Launching Test_ChoferPermanente] INFO  o.a.m.s.f.DefaultMavenResourcesFiltering - skip non existing resourceDirectory /Users/robustianogijon/Documents/Taller-Progamacion-1/TP/TEST_tallerProgramacion/src/test/resources
2025-09-17 19:02:54,908 [Worker-65: Launching Test_ChoferPermanente] INFO  o.a.m.s.f.DefaultMavenResourcesFiltering - skip non existing resourceDirectory /Users/robustianogijon/Documents/Taller-Progamacion-1/TP/TEST_tallerProgramacion/src/main/resources
2025-09-17 19:02:54,909 [Worker-65: Launching Test_ChoferPermanente] INFO  o.a.m.s.f.DefaultMavenResourcesFiltering - skip non existing resourceDirectory /Users/robustianogijon/Documents/Taller-Progamacion-1/TP/TEST_tallerProgramacion/src/test/resources
2025-09-17 19:05:29,140 [Worker-66: Building] INFO  o.a.m.s.f.DefaultMavenResourcesFiltering - skip non existing resourceDirectory /Users/robustianogijon/Documents/Taller-Progamacion-1/TP/TEST_tallerProgramacion/src/main/resources
2025-09-17 19:05:29,155 [Worker-66: Building] INFO  o.a.m.s.f.DefaultMavenResourcesFiltering - skip non existing resourceDirectory /Users/robustianogijon/Documents/Taller-Progamacion-1/TP/TEST_tallerProgramacion/src/test/resources
2025-09-17 19:05:36,314 [Worker-60: Building] INFO  o.a.m.s.f.DefaultMavenResourcesFiltering - skip non existing resourceDirectory /Users/robustianogijon/Documents/Taller-Progamacion-1/TP/TEST_tallerProgramacion/src/main/resources
2025-09-17 19:05:36,318 [Worker-60: Building] INFO  o.a.m.s.f.DefaultMavenResourcesFiltering - skip non existing resourceDirectory /Users/robustianogijon/Documents/Taller-Progamacion-1/TP/TEST_tallerProgramacion/src/test/resources
2025-09-17 19:09:02,556 [Worker-65: Building] INFO  o.a.m.s.f.DefaultMavenResourcesFiltering - skip non existing resourceDirectory /Users/robustianogijon/Documents/Taller-Progamacion-1/TP/TEST_tallerProgramacion/src/main/resources
2025-09-17 19:09:02,579 [Worker-65: Building] INFO  o.a.m.s.f.DefaultMavenResourcesFiltering - skip non existing resourceDirectory /Users/robustianogijon/Documents/Taller-Progamacion-1/TP/TEST_tallerProgramacion/src/test/resources
2025-09-17 19:10:13,907 [Worker-65: Building] INFO  o.a.m.s.f.DefaultMavenResourcesFiltering - skip non existing resourceDirectory /Users/robustianogijon/Documents/Taller-Progamacion-1/TP/TEST_tallerProgramacion/src/main/resources
2025-09-17 19:10:13,911 [Worker-65: Building] INFO  o.a.m.s.f.DefaultMavenResourcesFiltering - skip non existing resourceDirectory /Users/robustianogijon/Documents/Taller-Progamacion-1/TP/TEST_tallerProgramacion/src/test/resources
2025-09-17 19:11:59,006 [Worker-60: Building] INFO  o.a.m.s.f.DefaultMavenResourcesFiltering - skip non existing resourceDirectory /Users/robustianogijon/Documents/Taller-Progamacion-1/TP/TEST_tallerProgramacion/src/main/resources
2025-09-17 19:11:59,028 [Worker-60: Building] INFO  o.a.m.s.f.DefaultMavenResourcesFiltering - skip non existing resourceDirectory /Users/robustianogijon/Documents/Taller-Progamacion-1/TP/TEST_tallerProgramacion/src/test/resources
2025-09-17 19:13:18,470 [Worker-67: Building] INFO  o.a.m.s.f.DefaultMavenResourcesFiltering - skip non existing resourceDirectory /Users/robustianogijon/Documents/Taller-Progamacion-1/TP/TEST_tallerProgramacion/src/main/resources
2025-09-17 19:13:18,476 [Worker-67: Building] INFO  o.a.m.s.f.DefaultMavenResourcesFiltering - skip non existing resourceDirectory /Users/robustianogijon/Documents/Taller-Progamacion-1/TP/TEST_tallerProgramacion/src/test/resources
2025-09-17 19:13:30,520 [Worker-64: Building] INFO  o.a.m.s.f.DefaultMavenResourcesFiltering - skip non existing resourceDirectory /Users/robustianogijon/Documents/Taller-Progamacion-1/TP/TEST_tallerProgramacion/src/main/resources
2025-09-17 19:13:30,523 [Worker-64: Building] INFO  o.a.m.s.f.DefaultMavenResourcesFiltering - skip non existing resourceDirectory /Users/robustianogijon/Documents/Taller-Progamacion-1/TP/TEST_tallerProgramacion/src/test/resources
